DPTraining/Library/Bee/Android/Prj/IL2CPP/Gradle/unityLibrary/build/intermediates/manifest_merge_blame_file/release/manifest-merger-blame-release-report.txt
1<?xml version="1.0" encoding="utf-8"?>
2<manifest xmlns:android="http://schemas.android.com/apk/res/android"
3    xmlns:tools="http://schemas.android.com/tools"
4    package="com.unity3d.player"
5    android:installLocation="auto"
6    android:versionCode="1"
7    android:versionName="2.0.0" >
8
9    <uses-sdk
10        android:minSdkVersion="29"
10-->src\main\AndroidManifest.xml
11        android:targetSdkVersion="30" />
11-->src\main\AndroidManifest.xml
12
13    <uses-feature android:glEsVersion="0x00030000" />
13-->src\main\AndroidManifest.xml:26:3-52
13-->src\main\AndroidManifest.xml:26:17-49
14    <uses-feature
14-->src\main\AndroidManifest.xml:27:3-91
15        android:name="android.hardware.vulkan.version"
15-->src\main\AndroidManifest.xml:27:17-63
16        android:required="false" />
16-->src\main\AndroidManifest.xml:27:64-88
17
18    <supports-gl-texture android:name="GL_KHR_texture_compression_astc_ldr" />
18-->src\main\AndroidManifest.xml:28:3-77
18-->src\main\AndroidManifest.xml:28:24-74
19
20    <uses-permission android:name="android.permission.INTERNET" />
20-->src\main\AndroidManifest.xml:29:3-65
20-->src\main\AndroidManifest.xml:29:20-62
21    <uses-permission android:name="android.permission.RECORD_AUDIO" />
21-->src\main\AndroidManifest.xml:30:3-69
21-->src\main\AndroidManifest.xml:30:20-66
22    <uses-permission android:name="android.permission.MODIFY_AUDIO_SETTINGS" />
22-->src\main\AndroidManifest.xml:31:3-78
22-->src\main\AndroidManifest.xml:31:20-75
23
24    <uses-feature
24-->src\main\AndroidManifest.xml:32:3-87
25        android:name="android.hardware.microphone"
25-->src\main\AndroidManifest.xml:32:17-59
26        android:required="false" />
26-->src\main\AndroidManifest.xml:32:60-84
27    <uses-feature
27-->src\main\AndroidManifest.xml:33:3-88
28        android:name="android.hardware.touchscreen"
28-->src\main\AndroidManifest.xml:33:17-60
29        android:required="false" />
29-->src\main\AndroidManifest.xml:33:61-85
30    <uses-feature
30-->src\main\AndroidManifest.xml:34:3-99
31        android:name="android.hardware.touchscreen.multitouch"
31-->src\main\AndroidManifest.xml:34:17-71
32        android:required="false" />
32-->src\main\AndroidManifest.xml:34:72-96
33    <uses-feature
33-->src\main\AndroidManifest.xml:35:3-108
34        android:name="android.hardware.touchscreen.multitouch.distinct"
34-->src\main\AndroidManifest.xml:35:17-80
35        android:required="false" />
35-->src\main\AndroidManifest.xml:35:81-105
36    <uses-feature
36-->src\main\AndroidManifest.xml:36:3-111
37        android:name="android.hardware.vr.headtracking"
37-->src\main\AndroidManifest.xml:36:17-64
38        android:required="true"
38-->src\main\AndroidManifest.xml:36:85-108
39        android:version="1" />
39-->src\main\AndroidManifest.xml:36:65-84
40    <uses-feature
40-->src\main\AndroidManifest.xml:37:3-88
41        android:name="oculus.software.handtracking"
41-->src\main\AndroidManifest.xml:37:17-60
42        android:required="false" />
42-->src\main\AndroidManifest.xml:37:61-85
43
44    <uses-permission android:name="com.oculus.permission.HAND_TRACKING" />
44-->src\main\AndroidManifest.xml:38:3-73
44-->src\main\AndroidManifest.xml:38:20-70
45
46    <uses-feature
46-->src\main\AndroidManifest.xml:39:3-89
47        android:name="com.oculus.feature.PASSTHROUGH"
47-->src\main\AndroidManifest.xml:39:17-62
48        android:required="true" />
48-->src\main\AndroidManifest.xml:39:63-86
49
50    <application
50-->src\main\AndroidManifest.xml:3:3-25:17
51        android:allowBackup="false"
51-->src\main\AndroidManifest.xml:3:114-141
52        android:extractNativeLibs="true"
52-->src\main\AndroidManifest.xml:3:16-48
53        android:icon="@mipmap/app_icon"
53-->src\main\AndroidManifest.xml:3:82-113
54        android:label="@string/app_name"
54-->src\main\AndroidManifest.xml:3:49-81
55        android:networkSecurityConfig="@xml/network_sec_config" >
55-->src\main\AndroidManifest.xml:3:142-197
56        <activity
56-->src\main\AndroidManifest.xml:4:5-13:16
57            android:name="com.unity3d.player.UnityPlayerActivity"
57-->src\main\AndroidManifest.xml:4:15-68
58            android:configChanges="keyboard|keyboardHidden|navigation|orientation|screenLayout|screenSize|uiMode|density"
58-->src\main\AndroidManifest.xml:4:204-313
59            android:hardwareAccelerated="false"
59-->src\main\AndroidManifest.xml:4:349-384
60            android:launchMode="singleTask"
60-->src\main\AndroidManifest.xml:4:172-203
61            android:resizeableActivity="false"
61-->src\main\AndroidManifest.xml:4:314-348
62            android:screenOrientation="landscape"
62-->src\main\AndroidManifest.xml:4:134-171
63            android:theme="@android:style/Theme.Black.NoTitleBar.Fullscreen" >
63-->src\main\AndroidManifest.xml:4:69-133
64            <intent-filter>
64-->src\main\AndroidManifest.xml:5:7-9:23
65                <action android:name="android.intent.action.MAIN" />
65-->src\main\AndroidManifest.xml:6:9-61
65-->src\main\AndroidManifest.xml:6:17-58
66
67                <category android:name="android.intent.category.LAUNCHER" />
67-->src\main\AndroidManifest.xml:7:9-69
67-->src\main\AndroidManifest.xml:7:19-66
68                <category android:name="com.oculus.intent.category.VR" />
68-->src\main\AndroidManifest.xml:8:9-66
68-->src\main\AndroidManifest.xml:8:19-63
69            </intent-filter>
70
71            <meta-data
71-->src\main\AndroidManifest.xml:10:7-82
72                android:name="unityplayer.UnityActivity"
72-->src\main\AndroidManifest.xml:10:18-58
73                android:value="true" />
73-->src\main\AndroidManifest.xml:10:59-79
74            <meta-data
74-->src\main\AndroidManifest.xml:11:7-78
75                android:name="android.notch_support"
75-->src\main\AndroidManifest.xml:11:18-54
76                android:value="true" />
76-->src\main\AndroidManifest.xml:11:55-75
77            <meta-data
77-->src\main\AndroidManifest.xml:12:7-81
78                android:name="com.oculus.vr.focusaware"
78-->src\main\AndroidManifest.xml:12:18-57
79                android:value="true" />
79-->src\main\AndroidManifest.xml:12:58-78
80        </activity>
81
82        <meta-data
82-->src\main\AndroidManifest.xml:14:5-69
83            android:name="unity.splash-mode"
83-->src\main\AndroidManifest.xml:14:16-48
84            android:value="0" />
84-->src\main\AndroidManifest.xml:14:49-66
85        <meta-data
85-->src\main\AndroidManifest.xml:15:5-74
86            android:name="unity.splash-enable"
86-->src\main\AndroidManifest.xml:15:16-50
87            android:value="True" />
87-->src\main\AndroidManifest.xml:15:51-71
88        <meta-data
88-->src\main\AndroidManifest.xml:16:5-78
89            android:name="unity.launch-fullscreen"
89-->src\main\AndroidManifest.xml:16:16-54
90            android:value="True" />
90-->src\main\AndroidManifest.xml:16:55-75
91        <meta-data
91-->src\main\AndroidManifest.xml:17:5-84
92            android:name="unity.allow-resizable-window"
92-->src\main\AndroidManifest.xml:17:16-59
93            android:value="False" />
93-->src\main\AndroidManifest.xml:17:60-81
94        <meta-data
94-->src\main\AndroidManifest.xml:18:5-81
95            android:name="notch.config"
95-->src\main\AndroidManifest.xml:18:16-43
96            android:value="portrait|landscape" />
96-->src\main\AndroidManifest.xml:18:44-78
97        <meta-data
97-->src\main\AndroidManifest.xml:19:5-87
98            android:name="com.oculus.handtracking.frequency"
98-->src\main\AndroidManifest.xml:19:16-64
99            android:value="LOW" />
99-->src\main\AndroidManifest.xml:19:65-84
100        <meta-data
100-->src\main\AndroidManifest.xml:20:5-97
101            android:name="com.samsung.android.vr.application.mode"
101-->src\main\AndroidManifest.xml:20:16-70
102            android:value="vr_only" />
102-->src\main\AndroidManifest.xml:20:71-94
103        <meta-data
103-->src\main\AndroidManifest.xml:21:5-91
104            android:name="com.unity.xr.oculus.LowOverheadMode"
104-->src\main\AndroidManifest.xml:21:16-66
105            android:value="false" />
105-->src\main\AndroidManifest.xml:21:67-88
106        <meta-data
106-->src\main\AndroidManifest.xml:22:5-88
107            android:name="com.unity.xr.oculus.LateLatching"
107-->src\main\AndroidManifest.xml:22:16-63
108            android:value="false" />
108-->src\main\AndroidManifest.xml:22:64-85
109        <meta-data
109-->src\main\AndroidManifest.xml:23:5-93
110            android:name="com.unity.xr.oculus.LateLatchingDebug"
110-->src\main\AndroidManifest.xml:23:16-68
111            android:value="false" />
111-->src\main\AndroidManifest.xml:23:69-90
112        <meta-data
112-->src\main\AndroidManifest.xml:24:5-90
113            android:name="com.oculus.supportedDevices"
113-->src\main\AndroidManifest.xml:24:16-58
114            android:value="quest|quest2" />
114-->src\main\AndroidManifest.xml:24:59-87
115    </application>
116
117</manifest>